<?xml version="1.0" encoding="UTF-8"?>
<!-- Generated by org.testng.reporters.JUnitReportReporter -->
<testsuite skipped="0" hostname="EPBYMINW3159" name="tests.MailDeleteTest" tests="2" failures="0" timestamp="14 Sep 2018 14:41:43 GMT" time="21.706" errors="0">
  <testcase name="mailRuMailDeleteTest" time="13.252" classname="tests.MailDeleteTest"/>
  <testcase name="dragNDropMailTest" time="8.454" classname="tests.MailDeleteTest"/>
</testsuite> <!-- tests.MailDeleteTest -->
