<?xml version="1.0" encoding="UTF-8"?>
<!-- Generated by org.testng.reporters.JUnitReportReporter -->
<testsuite hostname="EPBYMINW3159" name="tests.MailDeleteViaActionJS" tests="1" failures="0" timestamp="6 Aug 2018 16:08:08 GMT" time="19.806" errors="0">
  <testcase name="actionsTest" time="19.806" classname="tests.MailDeleteViaActionJS"/>
</testsuite> <!-- tests.MailDeleteViaActionJS -->
