<?xml version="1.0" encoding="UTF-8"?>
<!-- Generated by org.testng.reporters.JUnitReportReporter -->
<testsuite skipped="0" hostname="EPBYMINW3159" name="tests.MailCreationTest" tests="2" failures="0" timestamp="14 Sep 2018 14:41:42 GMT" time="12.480" errors="0">
  <testcase name="mailRuMailCreationTest" time="4.584" classname="tests.MailCreationTest"/>
  <testcase name="mailRuLoginTest" time="7.896" classname="tests.MailCreationTest"/>
</testsuite> <!-- tests.MailCreationTest -->
