<?xml version="1.0" encoding="UTF-8"?>
<!-- Generated by org.testng.reporters.JUnitReportReporter -->
<testsuite skipped="0" hostname="EPBYMINW3159" name="tests.MailSendTest" tests="1" failures="0" timestamp="14 Sep 2018 14:41:41 GMT" time="35.252" errors="0">
  <testcase name="mailRuMailSendingTest" time="35.252" classname="tests.MailSendTest"/>
</testsuite> <!-- tests.MailSendTest -->
